<?xml version="1.0" encoding="UTF-8"?>
<!-- Generated by org.testng.reporters.JUnitXMLReporter -->
<testsuite ignored="2" hostname="Vishwas" failures="2" tests="8" name="Include Exclude usage" time="0.03" errors="0" timestamp="2022-04-15T17:26:42 IST">
  <testcase classname="Test.CarLoan" name="ApiLogincar" time="0.002"/>
  <testcase classname="Test.CarLoan" name="mobileUIcar" time="0.001"/>
  <testcase classname="Test.CarLoan" name="mobilelogocar" time="0.0"/>
  <testcase classname="Test.CarLoan" name="webLogincar" time="0.0">
    <failure type="org.testng.TestNGException" message="
Parameter &amp;apos;URL&amp;apos; is required by @Test on method webLogincar but has not been marked @Optional or defined
in V:\Eclipes\TestNG\testng.xml">
      <![CDATA[org.testng.TestNGException: 
Parameter 'URL' is required by @Test on method webLogincar but has not been marked @Optional or defined
in V:\Eclipes\TestNG\testng.xml
at java.base/java.util.ArrayList.forEach(ArrayList.java:1511)
... Removed 26 stack frames]]>
    </failure>
  </testcase> <!-- webLogincar -->
  <testcase classname="Test.HomeLoan" name="ApiLoginHome" time="0.001"/>
  <testcase classname="Test.HomeLoan" name="ApiLoginHome" time="0.001"/>
  <testcase classname="Test.HomeLoan" name="ApiLoginHome" time="0.001"/>
  <testcase classname="Test.HomeLoan" name="webLoginHome" time="0.0">
    <failure type="org.testng.TestNGException" message="
Parameter &amp;apos;URL&amp;apos; is required by @Test on method webLoginHome but has not been marked @Optional or defined
in V:\Eclipes\TestNG\testng.xml">
      <![CDATA[org.testng.TestNGException: 
Parameter 'URL' is required by @Test on method webLoginHome but has not been marked @Optional or defined
in V:\Eclipes\TestNG\testng.xml
at java.base/java.util.ArrayList.forEach(ArrayList.java:1511)
... Removed 26 stack frames]]>
    </failure>
  </testcase> <!-- webLoginHome -->
  <testcase classname="Test.HomeLoan" name="mobileLoginHome" time="0.0">
    <ignored/>
  </testcase> <!-- mobileLoginHome -->
  <testcase classname="Test.CarLoan" name="mobileLogincar" time="0.0">
    <ignored/>
  </testcase> <!-- mobileLogincar -->
</testsuite> <!-- Include Exclude usage -->
