<?xml version="1.0" encoding="UTF-8"?>
<!-- Generated by org.testng.reporters.JUnitXMLReporter -->
<testsuite ignored="1" hostname="Vishwas" failures="3" tests="29" name="package pringting diretly" time="0.088" errors="0" timestamp="2022-04-15T17:25:51 IST">
  <testcase classname="Test.CarLoan" name="ApiLogincar" time="0.008"/>
  <testcase classname="Test.CarLoan" name="mobileLogincar" time="0.001"/>
  <testcase classname="Test.CarLoan" name="mobileUIcar" time="0.001"/>
  <testcase classname="Test.CarLoan" name="mobilelogocar" time="0.001"/>
  <testcase classname="Test.CarLoan" name="webLogincar" time="0.0">
    <failure type="org.testng.TestNGException" message="
Cannot inject @Test annotated Method [webLogincar] with [class java.lang.String].
For more information on native dependency injection please refer to https://testng.org/doc/documentation-main.html#native-dependency-injection">
      <![CDATA[org.testng.TestNGException: 
Cannot inject @Test annotated Method [webLogincar] with [class java.lang.String].
For more information on native dependency injection please refer to https://testng.org/doc/documentation-main.html#native-dependency-injection
at java.base/java.util.ArrayList.forEach(ArrayList.java:1511)
... Removed 26 stack frames]]>
    </failure>
  </testcase> <!-- webLogincar -->
  <testcase classname="Test.dependsOnMethods" name="bike" time="0.0"/>
  <testcase classname="Test.dependsOnMethods" name="car" time="0.001"/>
  <testcase classname="Test.dependsOnMethods" name="demo1" time="0.001"/>
  <testcase classname="Test.dependsOnMethods" name="Secondtest1" time="0.0"/>
  <testcase classname="Test.dependsOnMethods" name="dependent" time="0.001"/>
  <testcase classname="Test.Enabled" name="bike" time="0.0"/>
  <testcase classname="Test.Enabled" name="car" time="0.0"/>
  <testcase classname="Test.Enabled" name="demo1" time="0.0"/>
  <testcase classname="Test.Enabled" name="dependent" time="0.001"/>
  <testcase classname="Test.HomeLoan" name="ApiLoginHome" time="0.001"/>
  <testcase classname="Test.HomeLoan" name="ApiLoginHome" time="0.0"/>
  <testcase classname="Test.HomeLoan" name="ApiLoginHome" time="0.001"/>
  <testcase classname="Test.HomeLoan" name="mobileLoginHome" time="0.001"/>
  <testcase classname="Test.HomeLoan" name="webLoginHome" time="0.0">
    <failure type="org.testng.TestNGException" message="
Parameter &amp;apos;URL&amp;apos; is required by @Test on method webLoginHome but has not been marked @Optional or defined
in V:\Eclipes\TestNG\testng2.xml">
      <![CDATA[org.testng.TestNGException: 
Parameter 'URL' is required by @Test on method webLoginHome but has not been marked @Optional or defined
in V:\Eclipes\TestNG\testng2.xml
at java.base/java.util.ArrayList.forEach(ArrayList.java:1511)
... Removed 26 stack frames]]>
    </failure>
  </testcase> <!-- webLoginHome -->
  <testcase classname="Test.Loan" name="Secondtest" time="0.001"/>
  <testcase classname="Test.Loan" name="demo" time="0.0">
    <failure type="org.testng.TestNGException" message="
Parameter &amp;apos;URL&amp;apos; is required by @Test on method demo but has not been marked @Optional or defined
in V:\Eclipes\TestNG\testng2.xml">
      <![CDATA[org.testng.TestNGException: 
Parameter 'URL' is required by @Test on method demo but has not been marked @Optional or defined
in V:\Eclipes\TestNG\testng2.xml
at java.base/java.util.ArrayList.forEach(ArrayList.java:1511)
... Removed 26 stack frames]]>
    </failure>
  </testcase> <!-- demo -->
  <testcase classname="Test.Repayment" name="method" time="0.001"/>
  <testcase classname="Test.Repayment" name="method1" time="0.001"/>
  <testcase classname="Test.Repayment" name="method2" time="0.0"/>
  <testcase classname="Test.timeout" name="bike" time="0.001"/>
  <testcase classname="Test.timeout" name="car" time="0.001"/>
  <testcase classname="Test.timeout" name="dependent" time="0.005"/>
  <testcase classname="Test.Types" name="Carloan" time="0.001"/>
  <testcase classname="Test.Types" name="Homeloan" time="0.0"/>
  <testcase classname="Test.Enabled" name="Secondtest1" time="0.0">
    <ignored/>
  </testcase> <!-- Secondtest1 -->
</testsuite> <!-- package pringting diretly -->
