<?xml version="1.0" encoding="UTF-8"?>
<!-- Generated by org.testng.reporters.JUnitXMLReporter -->
<testsuite ignored="0" hostname="Vishwas" failures="0" tests="14" name="Test" time="4.2" errors="0" timestamp="2022-06-06T10:30:32 IST">
  <testcase classname="TestClasses.FlipkartChome" name="@BeforeClass beforeClass" time="2.703">
    <failure type="org.openqa.selenium.WebDriverException" message="unknown error: net::ERR_NAME_NOT_RESOLVED
  (Session info: chrome=102.0.5005.63)
Build info: version: &amp;apos;4.1.3&amp;apos;, revision: &amp;apos;7b1ebf28ef&amp;apos;
System info: host: &amp;apos;VISHWAS&amp;apos;, ip: &amp;apos;192.168.1.112&amp;apos;, os.name: &amp;apos;Windows 11&amp;apos;, os.arch: &amp;apos;amd64&amp;apos;, os.version: &amp;apos;10.0&amp;apos;, java.version: &amp;apos;11.0.15&amp;apos;
Driver info: org.openqa.selenium.chrome.ChromeDriver
Command: [86151aca8c0ec7301e1ee7b2ed3420e7, get {url=https://www.flipkart.com/}]
Capabilities {acceptInsecureCerts: false, browserName: chrome, browserVersion: 102.0.5005.63, chrome: {chromedriverVersion: 102.0.5005.61 (0e59bcc00cc4..., userDataDir: C:\Users\Vishwas\AppData\Lo...}, goog:chromeOptions: {debuggerAddress: localhost:52455}, javascriptEnabled: true, networkConnectionEnabled: false, pageLoadStrategy: normal, platform: WINDOWS, platformName: WINDOWS, proxy: Proxy(), se:cdp: ws://localhost:52455/devtoo..., se:cdpVersion: 102.0.5005.63, setWindowRect: true, strictFileInteractability: false, timeouts: {implicit: 0, pageLoad: 300000, script: 30000}, unhandledPromptBehavior: dismiss and notify, webauthn:extension:credBlob: true, webauthn:extension:largeBlob: true, webauthn:virtualAuthenticators: true}
Session ID: 86151aca8c0ec7301e1ee7b2ed3420e7">
      <![CDATA[org.openqa.selenium.WebDriverException: unknown error: net::ERR_NAME_NOT_RESOLVED
  (Session info: chrome=102.0.5005.63)
Build info: version: '4.1.3', revision: '7b1ebf28ef'
System info: host: 'VISHWAS', ip: '192.168.1.112', os.name: 'Windows 11', os.arch: 'amd64', os.version: '10.0', java.version: '11.0.15'
Driver info: org.openqa.selenium.chrome.ChromeDriver
Command: [86151aca8c0ec7301e1ee7b2ed3420e7, get {url=https://www.flipkart.com/}]
Capabilities {acceptInsecureCerts: false, browserName: chrome, browserVersion: 102.0.5005.63, chrome: {chromedriverVersion: 102.0.5005.61 (0e59bcc00cc4..., userDataDir: C:\Users\Vishwas\AppData\Lo...}, goog:chromeOptions: {debuggerAddress: localhost:52455}, javascriptEnabled: true, networkConnectionEnabled: false, pageLoadStrategy: normal, platform: WINDOWS, platformName: WINDOWS, proxy: Proxy(), se:cdp: ws://localhost:52455/devtoo..., se:cdpVersion: 102.0.5005.63, setWindowRect: true, strictFileInteractability: false, timeouts: {implicit: 0, pageLoad: 300000, script: 30000}, unhandledPromptBehavior: dismiss and notify, webauthn:extension:credBlob: true, webauthn:extension:largeBlob: true, webauthn:virtualAuthenticators: true}
Session ID: 86151aca8c0ec7301e1ee7b2ed3420e7
at org.openqa.selenium.remote.codec.w3c.W3CHttpResponseCodec.createException(W3CHttpResponseCodec.java:200)
at org.openqa.selenium.remote.codec.w3c.W3CHttpResponseCodec.decode(W3CHttpResponseCodec.java:133)
at org.openqa.selenium.remote.codec.w3c.W3CHttpResponseCodec.decode(W3CHttpResponseCodec.java:53)
at org.openqa.selenium.remote.HttpCommandExecutor.execute(HttpCommandExecutor.java:184)
at org.openqa.selenium.remote.service.DriverCommandExecutor.invokeExecute(DriverCommandExecutor.java:167)
at org.openqa.selenium.remote.service.DriverCommandExecutor.execute(DriverCommandExecutor.java:142)
at org.openqa.selenium.remote.RemoteWebDriver.execute(RemoteWebDriver.java:567)
at org.openqa.selenium.remote.RemoteWebDriver.get(RemoteWebDriver.java:330)
at Baseclasses.getWebDriver.WebDriver(getWebDriver.java:23)
at TestClasses.FlipkartChome.beforeClass(FlipkartChome.java:30)
at java.base/java.util.ArrayList.forEach(ArrayList.java:1541)
... Removed 29 stack frames]]>
    </failure>
  </testcase> <!-- @BeforeClass beforeClass -->
  <testcase classname="TestClasses.FlipkartChome" name="@BeforeMethod BeforeMethod" time="-1.6544916308E9">
    <skipped/>
  </testcase> <!-- @BeforeMethod BeforeMethod -->
  <testcase classname="TestClasses.FlipkartChome" name="@BeforeMethod BeforeMethod" time="-1.654491630815E9">
    <skipped/>
  </testcase> <!-- @BeforeMethod BeforeMethod -->
  <testcase classname="TestClasses.FlipkartChome" name="@BeforeMethod BeforeMethod" time="-1.654491630819E9">
    <skipped/>
  </testcase> <!-- @BeforeMethod BeforeMethod -->
  <testcase classname="TestClasses.FlipkartChome" name="@BeforeMethod BeforeMethod" time="-1.654491630823E9">
    <skipped/>
  </testcase> <!-- @BeforeMethod BeforeMethod -->
  <testcase classname="TestClasses.FlipkartChome" name="@BeforeMethod BeforeMethod" time="-1.654491630826E9">
    <skipped/>
  </testcase> <!-- @BeforeMethod BeforeMethod -->
  <testcase classname="TestClasses.FlipkartChome" name="@BeforeMethod BeforeMethod" time="-1.654491630828E9">
    <skipped/>
  </testcase> <!-- @BeforeMethod BeforeMethod -->
  <testcase classname="TestClasses.FlipkartChome" name="@BeforeMethod BeforeMethod" time="-1.654491630831E9">
    <skipped/>
  </testcase> <!-- @BeforeMethod BeforeMethod -->
  <testcase classname="TestClasses.FlipkartChome" name="@AfterClass close" time="-1.654491630834E9">
    <skipped/>
  </testcase> <!-- @AfterClass close -->
  <testcase classname="TestClasses.FlipkartFirefox" name="@BeforeClass beforeClass" time="1.393">
    <failure type="org.openqa.selenium.WebDriverException" message="unknown error: net::ERR_NAME_NOT_RESOLVED
  (Session info: chrome=102.0.5005.63)
Build info: version: &amp;apos;4.1.3&amp;apos;, revision: &amp;apos;7b1ebf28ef&amp;apos;
System info: host: &amp;apos;VISHWAS&amp;apos;, ip: &amp;apos;192.168.1.112&amp;apos;, os.name: &amp;apos;Windows 11&amp;apos;, os.arch: &amp;apos;amd64&amp;apos;, os.version: &amp;apos;10.0&amp;apos;, java.version: &amp;apos;11.0.15&amp;apos;
Driver info: org.openqa.selenium.chrome.ChromeDriver
Command: [f6e4b68fae05f04f52e37426fc7c2a94, get {url=https://www.flipkart.com/}]
Capabilities {acceptInsecureCerts: false, browserName: chrome, browserVersion: 102.0.5005.63, chrome: {chromedriverVersion: 102.0.5005.61 (0e59bcc00cc4..., userDataDir: C:\Users\Vishwas\AppData\Lo...}, goog:chromeOptions: {debuggerAddress: localhost:52491}, javascriptEnabled: true, networkConnectionEnabled: false, pageLoadStrategy: normal, platform: WINDOWS, platformName: WINDOWS, proxy: Proxy(), se:cdp: ws://localhost:52491/devtoo..., se:cdpVersion: 102.0.5005.63, setWindowRect: true, strictFileInteractability: false, timeouts: {implicit: 0, pageLoad: 300000, script: 30000}, unhandledPromptBehavior: dismiss and notify, webauthn:extension:credBlob: true, webauthn:extension:largeBlob: true, webauthn:virtualAuthenticators: true}
Session ID: f6e4b68fae05f04f52e37426fc7c2a94">
      <![CDATA[org.openqa.selenium.WebDriverException: unknown error: net::ERR_NAME_NOT_RESOLVED
  (Session info: chrome=102.0.5005.63)
Build info: version: '4.1.3', revision: '7b1ebf28ef'
System info: host: 'VISHWAS', ip: '192.168.1.112', os.name: 'Windows 11', os.arch: 'amd64', os.version: '10.0', java.version: '11.0.15'
Driver info: org.openqa.selenium.chrome.ChromeDriver
Command: [f6e4b68fae05f04f52e37426fc7c2a94, get {url=https://www.flipkart.com/}]
Capabilities {acceptInsecureCerts: false, browserName: chrome, browserVersion: 102.0.5005.63, chrome: {chromedriverVersion: 102.0.5005.61 (0e59bcc00cc4..., userDataDir: C:\Users\Vishwas\AppData\Lo...}, goog:chromeOptions: {debuggerAddress: localhost:52491}, javascriptEnabled: true, networkConnectionEnabled: false, pageLoadStrategy: normal, platform: WINDOWS, platformName: WINDOWS, proxy: Proxy(), se:cdp: ws://localhost:52491/devtoo..., se:cdpVersion: 102.0.5005.63, setWindowRect: true, strictFileInteractability: false, timeouts: {implicit: 0, pageLoad: 300000, script: 30000}, unhandledPromptBehavior: dismiss and notify, webauthn:extension:credBlob: true, webauthn:extension:largeBlob: true, webauthn:virtualAuthenticators: true}
Session ID: f6e4b68fae05f04f52e37426fc7c2a94
at org.openqa.selenium.remote.codec.w3c.W3CHttpResponseCodec.createException(W3CHttpResponseCodec.java:200)
at org.openqa.selenium.remote.codec.w3c.W3CHttpResponseCodec.decode(W3CHttpResponseCodec.java:133)
at org.openqa.selenium.remote.codec.w3c.W3CHttpResponseCodec.decode(W3CHttpResponseCodec.java:53)
at org.openqa.selenium.remote.HttpCommandExecutor.execute(HttpCommandExecutor.java:184)
at org.openqa.selenium.remote.service.DriverCommandExecutor.invokeExecute(DriverCommandExecutor.java:167)
at org.openqa.selenium.remote.service.DriverCommandExecutor.execute(DriverCommandExecutor.java:142)
at org.openqa.selenium.remote.RemoteWebDriver.execute(RemoteWebDriver.java:567)
at org.openqa.selenium.remote.RemoteWebDriver.get(RemoteWebDriver.java:330)
at Baseclasses.getWebDriver.WebDriver(getWebDriver.java:23)
at TestClasses.FlipkartFirefox.beforeClass(FlipkartFirefox.java:30)
at java.base/java.util.ArrayList.forEach(ArrayList.java:1541)
... Removed 29 stack frames]]>
    </failure>
  </testcase> <!-- @BeforeClass beforeClass -->
  <testcase classname="TestClasses.FlipkartFirefox" name="@BeforeMethod BeforeMethod" time="-1.654491632232E9">
    <skipped/>
  </testcase> <!-- @BeforeMethod BeforeMethod -->
  <testcase classname="TestClasses.FlipkartFirefox" name="@AfterMethod ScreenShot" time="-1.654491632241E9">
    <skipped/>
  </testcase> <!-- @AfterMethod ScreenShot -->
  <testcase classname="TestClasses.FlipkartFirefox" name="@BeforeMethod BeforeMethod" time="-1.654491632243E9">
    <skipped/>
  </testcase> <!-- @BeforeMethod BeforeMethod -->
  <testcase classname="TestClasses.FlipkartFirefox" name="@AfterMethod ScreenShot" time="-1.654491632247E9">
    <skipped/>
  </testcase> <!-- @AfterMethod ScreenShot -->
  <testcase classname="TestClasses.FlipkartFirefox" name="@BeforeMethod BeforeMethod" time="-1.654491632248E9">
    <skipped/>
  </testcase> <!-- @BeforeMethod BeforeMethod -->
  <testcase classname="TestClasses.FlipkartFirefox" name="@AfterMethod ScreenShot" time="-1.654491632252E9">
    <skipped/>
  </testcase> <!-- @AfterMethod ScreenShot -->
  <testcase classname="TestClasses.FlipkartFirefox" name="@BeforeMethod BeforeMethod" time="-1.654491632253E9">
    <skipped/>
  </testcase> <!-- @BeforeMethod BeforeMethod -->
  <testcase classname="TestClasses.FlipkartFirefox" name="@AfterMethod ScreenShot" time="-1.654491632258E9">
    <skipped/>
  </testcase> <!-- @AfterMethod ScreenShot -->
  <testcase classname="TestClasses.FlipkartFirefox" name="@BeforeMethod BeforeMethod" time="-1.654491632259E9">
    <skipped/>
  </testcase> <!-- @BeforeMethod BeforeMethod -->
  <testcase classname="TestClasses.FlipkartFirefox" name="@AfterMethod ScreenShot" time="-1.654491632262E9">
    <skipped/>
  </testcase> <!-- @AfterMethod ScreenShot -->
  <testcase classname="TestClasses.FlipkartFirefox" name="@BeforeMethod BeforeMethod" time="-1.654491632262E9">
    <skipped/>
  </testcase> <!-- @BeforeMethod BeforeMethod -->
  <testcase classname="TestClasses.FlipkartFirefox" name="@AfterMethod ScreenShot" time="-1.654491632265E9">
    <skipped/>
  </testcase> <!-- @AfterMethod ScreenShot -->
  <testcase classname="TestClasses.FlipkartFirefox" name="@BeforeMethod BeforeMethod" time="-1.654491632265E9">
    <skipped/>
  </testcase> <!-- @BeforeMethod BeforeMethod -->
  <testcase classname="TestClasses.FlipkartFirefox" name="@AfterMethod ScreenShot" time="-1.654491632267E9">
    <skipped/>
  </testcase> <!-- @AfterMethod ScreenShot -->
  <testcase classname="TestClasses.FlipkartFirefox" name="@AfterClass close" time="-1.654491632268E9">
    <skipped/>
  </testcase> <!-- @AfterClass close -->
  <testcase classname="TestClasses.FlipkartChome" name="login" time="0.0">
    <skipped/>
  </testcase> <!-- login -->
  <testcase classname="TestClasses.FlipkartChome" name="productsearching" time="0.0">
    <skipped/>
  </testcase> <!-- productsearching -->
  <testcase classname="TestClasses.FlipkartChome" name="productsearching" time="0.0">
    <skipped/>
  </testcase> <!-- productsearching -->
  <testcase classname="TestClasses.FlipkartChome" name="productsearching" time="0.001">
    <skipped/>
  </testcase> <!-- productsearching -->
  <testcase classname="TestClasses.FlipkartChome" name="productsearching" time="0.0">
    <skipped/>
  </testcase> <!-- productsearching -->
  <testcase classname="TestClasses.FlipkartChome" name="productsearching" time="0.0">
    <skipped/>
  </testcase> <!-- productsearching -->
  <testcase classname="TestClasses.FlipkartChome" name="productsearching" time="0.0">
    <skipped/>
  </testcase> <!-- productsearching -->
  <testcase classname="TestClasses.FlipkartFirefox" name="login" time="0.0">
    <skipped/>
  </testcase> <!-- login -->
  <testcase classname="TestClasses.FlipkartFirefox" name="productsearching" time="0.0">
    <skipped/>
  </testcase> <!-- productsearching -->
  <testcase classname="TestClasses.FlipkartFirefox" name="productsearching" time="0.0">
    <skipped/>
  </testcase> <!-- productsearching -->
  <testcase classname="TestClasses.FlipkartFirefox" name="productsearching" time="0.0">
    <skipped/>
  </testcase> <!-- productsearching -->
  <testcase classname="TestClasses.FlipkartFirefox" name="productsearching" time="0.0">
    <skipped/>
  </testcase> <!-- productsearching -->
  <testcase classname="TestClasses.FlipkartFirefox" name="productsearching" time="0.0">
    <skipped/>
  </testcase> <!-- productsearching -->
  <testcase classname="TestClasses.FlipkartFirefox" name="productsearching" time="0.0">
    <skipped/>
  </testcase> <!-- productsearching -->
</testsuite> <!-- Test -->
